<?xml version="1.0" encoding="UTF-8"?>
<!-- Generated by org.testng.reporters.JUnitReportReporter -->
<testsuite hostname="LAPTOP-8N6FEN18" failures="0" tests="2" name="testng.NewTestNGClassSample" time="2.957" errors="0" timestamp="2021-11-17T21:35:06 IST" skipped="0">
  <testcase classname="testng.NewTestNGClassSample" name="TC_002_g" time="0.411"/>
  <system-out/>
  <testcase classname="testng.NewTestNGClassSample" name="TC_001_f" time="2.546"/>
  <system-out/>
</testsuite> <!-- testng.NewTestNGClassSample -->
