<?xml version="1.0" encoding="UTF-8"?>
<!-- Generated by org.testng.reporters.JUnitReportReporter -->
<testsuite hostname="LAPTOP-8N6FEN18" failures="0" tests="2" name="testng.FBLOGIN" time="7.542" errors="0" timestamp="2021-11-17T21:35:06 IST" skipped="0">
  <testcase classname="testng.FBLOGIN" name="invalidCredentials" time="4.143"/>
  <system-out/>
  <testcase classname="testng.FBLOGIN" name="validCredentials" time="3.399"/>
  <system-out/>
</testsuite> <!-- testng.FBLOGIN -->
