<?xml version="1.0" encoding="UTF-8"?>
<!-- Generated by org.testng.reporters.JUnitReportReporter -->
<testsuite hostname="LAPTOP-8N6FEN18" failures="0" tests="2" name="testng.AnnotationsThree" time="0.017" errors="0" timestamp="2021-11-17T21:35:06 IST" skipped="0">
  <testcase classname="testng.AnnotationsThree" name="b" time="0.008"/>
  <system-out/>
  <testcase classname="testng.AnnotationsThree" name="f" time="0.009"/>
  <system-out/>
</testsuite> <!-- testng.AnnotationsThree -->
