<?xml version="1.0" encoding="UTF-8"?>
<!-- Generated by org.testng.reporters.JUnitReportReporter -->
<testsuite hostname="LAPTOP-8N6FEN18" failures="0" tests="4" name="testng.AnnotationSampleOne" time="0.020" errors="0" timestamp="2021-11-17T21:35:06 IST" skipped="0">
  <testcase classname="testng.AnnotationSampleOne" name="TC_001_f" time="0.003"/>
  <system-out/>
  <testcase classname="testng.AnnotationSampleOne" name="TC_003_xyz" time="0.007"/>
  <system-out/>
  <testcase classname="testng.AnnotationSampleOne" name="TC_002_abc" time="0.008"/>
  <system-out/>
  <testcase classname="testng.AnnotationSampleOne" name="TC_004_testing" time="0.002"/>
  <system-out/>
</testsuite> <!-- testng.AnnotationSampleOne -->
